# JRE version: OpenJDK Runtime Environment (11.0.15) (build 11.0.15+0-b2043.56-9505619)
# Java VM: OpenJDK 64-Bit Server VM (11.0.15+0-b2043.56-9505619, mixed mode, tiered, compressed oops, g1 gc, windows-amd64)
Heap:
 garbage-first heap   total 310272K, used 122666K [0x0000000705200000, 0x0000000800000000)
  region size 1024K, 85 young (87040K), 11 survivors (11264K)
 Metaspace       used 65230K, capacity 66141K, committed 66312K, reserved 1107968K
  class space    used 7475K, capacity 7853K, committed 7936K, reserved 1048576K
GC Heap History (14 events):
Event: 0.320 GC heap before
{Heap before GC invocations=0 (full 0):
 garbage-first heap   total 258048K, used 28672K [0x0000000705200000, 0x0000000800000000)
  region size 1024K, 24 young (24576K), 0 survivors (0K)
 Metaspace       used 11685K, capacity 11826K, committed 11904K, reserved 1060864K
  class space    used 1061K, capacity 1109K, committed 1152K, reserved 1048576K
}
Event: 0.321 GC heap after
{Heap after GC invocations=1 (full 0):
 garbage-first heap   total 258048K, used 6752K [0x0000000705200000, 0x0000000800000000)
  region size 1024K, 3 young (3072K), 3 survivors (3072K)
 Metaspace       used 11685K, capacity 11826K, committed 11904K, reserved 1060864K
  class space    used 1061K, capacity 1109K, committed 1152K, reserved 1048576K
}
Event: 0.737 GC heap before
{Heap before GC invocations=1 (full 0):
 garbage-first heap   total 258048K, used 45664K [0x0000000705200000, 0x0000000800000000)
  region size 1024K, 42 young (43008K), 3 survivors (3072K)
 Metaspace       used 20844K, capacity 21121K, committed 21296K, reserved 1069056K
  class space    used 2222K, capacity 2340K, committed 2432K, reserved 1048576K
}
Event: 0.744 GC heap after
{Heap after GC invocations=2 (full 0):
 garbage-first heap   total 258048K, used 10865K [0x0000000705200000, 0x0000000800000000)
  region size 1024K, 7 young (7168K), 7 survivors (7168K)
 Metaspace       used 20844K, capacity 21121K, committed 21296K, reserved 1069056K
  class space    used 2222K, capacity 2340K, committed 2432K, reserved 1048576K
}
Event: 1.278 GC heap before
{Heap before GC invocations=3 (full 0):
 garbage-first heap   total 258048K, used 71281K [0x0000000705200000, 0x0000000800000000)
  region size 1024K, 60 young (61440K), 7 survivors (7168K)
 Metaspace       used 32251K, capacity 32795K, committed 32944K, reserved 1079296K
  class space    used 3804K, capacity 4017K, committed 4096K, reserved 1048576K
}
Event: 1.285 GC heap after
{Heap after GC invocations=4 (full 0):
 garbage-first heap   total 258048K, used 23691K [0x0000000705200000, 0x0000000800000000)
  region size 1024K, 8 young (8192K), 8 survivors (8192K)
 Metaspace       used 32251K, capacity 32795K, committed 32944K, reserved 1079296K
  class space    used 3804K, capacity 4017K, committed 4096K, reserved 1048576K
}
Event: 1.343 GC heap before
{Heap before GC invocations=4 (full 0):
 garbage-first heap   total 258048K, used 27787K [0x0000000705200000, 0x0000000800000000)
  region size 1024K, 12 young (12288K), 8 survivors (8192K)
 Metaspace       used 32670K, capacity 33214K, committed 33456K, reserved 1079296K
  class space    used 3839K, capacity 4049K, committed 4096K, reserved 1048576K
}
Event: 1.347 GC heap after
{Heap after GC invocations=5 (full 0):
 garbage-first heap   total 258048K, used 25192K [0x0000000705200000, 0x0000000800000000)
  region size 1024K, 2 young (2048K), 2 survivors (2048K)
 Metaspace       used 32670K, capacity 33214K, committed 33456K, reserved 1079296K
  class space    used 3839K, capacity 4049K, committed 4096K, reserved 1048576K
}
Event: 1.601 GC heap before
{Heap before GC invocations=5 (full 0):
 garbage-first heap   total 258048K, used 38504K [0x0000000705200000, 0x0000000800000000)
  region size 1024K, 16 young (16384K), 2 survivors (2048K)
 Metaspace       used 35199K, capacity 35754K, committed 35920K, reserved 1081344K
  class space    used 4319K, capacity 4531K, committed 4608K, reserved 1048576K
}
Event: 1.603 GC heap after
{Heap after GC invocations=6 (full 0):
 garbage-first heap   total 258048K, used 24691K [0x0000000705200000, 0x0000000800000000)
  region size 1024K, 1 young (1024K), 1 survivors (1024K)
 Metaspace       used 35199K, capacity 35754K, committed 35920K, reserved 1081344K
  class space    used 4319K, capacity 4531K, committed 4608K, reserved 1048576K
}
Event: 2.756 GC heap before
{Heap before GC invocations=7 (full 0):
 garbage-first heap   total 258048K, used 121971K [0x0000000705200000, 0x0000000800000000)
  region size 1024K, 94 young (96256K), 1 survivors (1024K)
 Metaspace       used 52785K, capacity 53464K, committed 53584K, reserved 1097728K
  class space    used 6107K, capacity 6395K, committed 6400K, reserved 1048576K
}
Event: 2.763 GC heap after
{Heap after GC invocations=8 (full 0):
 garbage-first heap   total 258048K, used 37357K [0x0000000705200000, 0x0000000800000000)
  region size 1024K, 12 young (12288K), 12 survivors (12288K)
 Metaspace       used 52785K, capacity 53464K, committed 53584K, reserved 1097728K
  class space    used 6107K, capacity 6395K, committed 6400K, reserved 1048576K
}
Event: 3.636 GC heap before
{Heap before GC invocations=8 (full 0):
 garbage-first heap   total 258048K, used 131565K [0x0000000705200000, 0x0000000800000000)
  region size 1024K, 104 young (106496K), 12 survivors (12288K)
 Metaspace       used 59429K, capacity 60165K, committed 60296K, reserved 1103872K
  class space    used 6716K, capacity 7000K, committed 7040K, reserved 1048576K
}
Event: 3.666 GC heap after
{Heap after GC invocations=9 (full 0):
 garbage-first heap   total 310272K, used 47914K [0x0000000705200000, 0x0000000800000000)
  region size 1024K, 11 young (11264K), 11 survivors (11264K)
 Metaspace       used 59429K, capacity 60165K, committed 60296K, reserved 1103872K
  class space    used 6716K, capacity 7000K, committed 7040K, reserved 1048576K
}

