# JRE version: OpenJDK Runtime Environment (11.0.15) (build 11.0.15+0-b2043.56-9505619)
# Java VM: OpenJDK 64-Bit Server VM (11.0.15+0-b2043.56-9505619, mixed mode, tiered, compressed oops, g1 gc, windows-amd64)
Heap:
 garbage-first heap   total 310272K, used 138690K [0x0000000705200000, 0x0000000800000000)
  region size 1024K, 110 young (112640K), 1 survivors (1024K)
 Metaspace       used 53249K, capacity 53897K, committed 54144K, reserved 1097728K
  class space    used 6173K, capacity 6452K, committed 6528K, reserved 1048576K
GC Heap History (10 events):
Event: 0.315 GC heap before
{Heap before GC invocations=0 (full 0):
 garbage-first heap   total 258048K, used 28672K [0x0000000705200000, 0x0000000800000000)
  region size 1024K, 24 young (24576K), 0 survivors (0K)
 Metaspace       used 11692K, capacity 11826K, committed 11904K, reserved 1060864K
  class space    used 1062K, capacity 1109K, committed 1152K, reserved 1048576K
}
Event: 0.316 GC heap after
{Heap after GC invocations=1 (full 0):
 garbage-first heap   total 258048K, used 6964K [0x0000000705200000, 0x0000000800000000)
  region size 1024K, 3 young (3072K), 3 survivors (3072K)
 Metaspace       used 11692K, capacity 11826K, committed 11904K, reserved 1060864K
  class space    used 1062K, capacity 1109K, committed 1152K, reserved 1048576K
}
Event: 0.721 GC heap before
{Heap before GC invocations=1 (full 0):
 garbage-first heap   total 258048K, used 46900K [0x0000000705200000, 0x0000000800000000)
  region size 1024K, 43 young (44032K), 3 survivors (3072K)
 Metaspace       used 20984K, capacity 21174K, committed 21248K, reserved 1069056K
  class space    used 2200K, capacity 2277K, committed 2304K, reserved 1048576K
}
Event: 0.728 GC heap after
{Heap after GC invocations=2 (full 0):
 garbage-first heap   total 258048K, used 10638K [0x0000000705200000, 0x0000000800000000)
  region size 1024K, 7 young (7168K), 7 survivors (7168K)
 Metaspace       used 20984K, capacity 21174K, committed 21248K, reserved 1069056K
  class space    used 2200K, capacity 2277K, committed 2304K, reserved 1048576K
}
Event: 1.258 GC heap before
{Heap before GC invocations=3 (full 0):
 garbage-first heap   total 258048K, used 72078K [0x0000000705200000, 0x0000000800000000)
  region size 1024K, 61 young (62464K), 7 survivors (7168K)
 Metaspace       used 32609K, capacity 33119K, committed 33280K, reserved 1079296K
  class space    used 4039K, capacity 4250K, committed 4352K, reserved 1048576K
}
Event: 1.264 GC heap after
{Heap after GC invocations=4 (full 0):
 garbage-first heap   total 258048K, used 23827K [0x0000000705200000, 0x0000000800000000)
  region size 1024K, 8 young (8192K), 8 survivors (8192K)
 Metaspace       used 32609K, capacity 33119K, committed 33280K, reserved 1079296K
  class space    used 4039K, capacity 4250K, committed 4352K, reserved 1048576K
}
Event: 1.302 GC heap before
{Heap before GC invocations=4 (full 0):
 garbage-first heap   total 258048K, used 27923K [0x0000000705200000, 0x0000000800000000)
  region size 1024K, 12 young (12288K), 8 survivors (8192K)
 Metaspace       used 33553K, capacity 34052K, committed 34304K, reserved 1079296K
  class space    used 4161K, capacity 4348K, committed 4352K, reserved 1048576K
}
Event: 1.306 GC heap after
{Heap after GC invocations=5 (full 0):
 garbage-first heap   total 258048K, used 25290K [0x0000000705200000, 0x0000000800000000)
  region size 1024K, 2 young (2048K), 2 survivors (2048K)
 Metaspace       used 33553K, capacity 34052K, committed 34304K, reserved 1079296K
  class space    used 4161K, capacity 4348K, committed 4352K, reserved 1048576K
}
Event: 1.370 GC heap before
{Heap before GC invocations=5 (full 0):
 garbage-first heap   total 258048K, used 31434K [0x0000000705200000, 0x0000000800000000)
  region size 1024K, 9 young (9216K), 2 survivors (2048K)
 Metaspace       used 35231K, capacity 35716K, committed 35840K, reserved 1081344K
  class space    used 4332K, capacity 4540K, committed 4608K, reserved 1048576K
}
Event: 1.372 GC heap after
{Heap after GC invocations=6 (full 0):
 garbage-first heap   total 310272K, used 25026K [0x0000000705200000, 0x0000000800000000)
  region size 1024K, 1 young (1024K), 1 survivors (1024K)
 Metaspace       used 35231K, capacity 35716K, committed 35840K, reserved 1081344K
  class space    used 4332K, capacity 4540K, committed 4608K, reserved 1048576K
}

