# JRE version: OpenJDK Runtime Environment (11.0.15) (build 11.0.15+0-b2043.56-9505619)
# Java VM: OpenJDK 64-Bit Server VM (11.0.15+0-b2043.56-9505619, mixed mode, tiered, compressed oops, g1 gc, windows-amd64)
Heap:
 garbage-first heap   total 310272K, used 136561K [0x0000000705200000, 0x0000000800000000)
  region size 1024K, 84 young (86016K), 4 survivors (4096K)
 Metaspace       used 67320K, capacity 68151K, committed 68352K, reserved 1110016K
  class space    used 7474K, capacity 7814K, committed 7936K, reserved 1048576K
GC Heap History (14 events):
Event: 0.319 GC heap before
{Heap before GC invocations=0 (full 0):
 garbage-first heap   total 258048K, used 28672K [0x0000000705200000, 0x0000000800000000)
  region size 1024K, 24 young (24576K), 0 survivors (0K)
 Metaspace       used 11686K, capacity 11826K, committed 11904K, reserved 1060864K
  class space    used 1062K, capacity 1109K, committed 1152K, reserved 1048576K
}
Event: 0.321 GC heap after
{Heap after GC invocations=1 (full 0):
 garbage-first heap   total 258048K, used 6765K [0x0000000705200000, 0x0000000800000000)
  region size 1024K, 3 young (3072K), 3 survivors (3072K)
 Metaspace       used 11686K, capacity 11826K, committed 11904K, reserved 1060864K
  class space    used 1062K, capacity 1109K, committed 1152K, reserved 1048576K
}
Event: 0.735 GC heap before
{Heap before GC invocations=1 (full 0):
 garbage-first heap   total 258048K, used 46701K [0x0000000705200000, 0x0000000800000000)
  region size 1024K, 43 young (44032K), 3 survivors (3072K)
 Metaspace       used 20983K, capacity 21174K, committed 21248K, reserved 1069056K
  class space    used 2199K, capacity 2277K, committed 2304K, reserved 1048576K
}
Event: 0.743 GC heap after
{Heap after GC invocations=2 (full 0):
 garbage-first heap   total 258048K, used 10848K [0x0000000705200000, 0x0000000800000000)
  region size 1024K, 7 young (7168K), 7 survivors (7168K)
 Metaspace       used 20983K, capacity 21174K, committed 21248K, reserved 1069056K
  class space    used 2199K, capacity 2277K, committed 2304K, reserved 1048576K
}
Event: 1.250 GC heap before
{Heap before GC invocations=3 (full 0):
 garbage-first heap   total 258048K, used 71264K [0x0000000705200000, 0x0000000800000000)
  region size 1024K, 60 young (61440K), 7 survivors (7168K)
 Metaspace       used 32058K, capacity 32543K, committed 32768K, reserved 1077248K
  class space    used 3786K, capacity 3994K, committed 4096K, reserved 1048576K
}
Event: 1.257 GC heap after
{Heap after GC invocations=4 (full 0):
 garbage-first heap   total 258048K, used 23673K [0x0000000705200000, 0x0000000800000000)
  region size 1024K, 8 young (8192K), 8 survivors (8192K)
 Metaspace       used 32058K, capacity 32543K, committed 32768K, reserved 1077248K
  class space    used 3786K, capacity 3994K, committed 4096K, reserved 1048576K
}
Event: 1.382 GC heap before
{Heap before GC invocations=4 (full 0):
 garbage-first heap   total 258048K, used 34937K [0x0000000705200000, 0x0000000800000000)
  region size 1024K, 20 young (20480K), 8 survivors (8192K)
 Metaspace       used 35266K, capacity 35716K, committed 35840K, reserved 1081344K
  class space    used 4333K, capacity 4540K, committed 4608K, reserved 1048576K
}
Event: 1.386 GC heap after
{Heap after GC invocations=5 (full 0):
 garbage-first heap   total 258048K, used 25657K [0x0000000705200000, 0x0000000800000000)
  region size 1024K, 2 young (2048K), 2 survivors (2048K)
 Metaspace       used 35266K, capacity 35716K, committed 35840K, reserved 1081344K
  class space    used 4333K, capacity 4540K, committed 4608K, reserved 1048576K
}
Event: 2.115 GC heap before
{Heap before GC invocations=6 (full 0):
 garbage-first heap   total 258048K, used 89145K [0x0000000705200000, 0x0000000800000000)
  region size 1024K, 65 young (66560K), 2 survivors (2048K)
 Metaspace       used 48202K, capacity 48725K, committed 48896K, reserved 1091584K
  class space    used 5623K, capacity 5844K, committed 5888K, reserved 1048576K
}
Event: 2.119 GC heap after
{Heap after GC invocations=7 (full 0):
 garbage-first heap   total 310272K, used 29370K [0x0000000705200000, 0x0000000800000000)
  region size 1024K, 8 young (8192K), 8 survivors (8192K)
 Metaspace       used 48202K, capacity 48725K, committed 48896K, reserved 1091584K
  class space    used 5623K, capacity 5844K, committed 5888K, reserved 1048576K
}
Event: 3.620 GC heap before
{Heap before GC invocations=7 (full 0):
 garbage-first heap   total 310272K, used 173754K [0x0000000705200000, 0x0000000800000000)
  region size 1024K, 146 young (149504K), 8 survivors (8192K)
 Metaspace       used 58340K, capacity 58977K, committed 59136K, reserved 1101824K
  class space    used 6575K, capacity 6838K, committed 6912K, reserved 1048576K
}
Event: 3.630 GC heap after
{Heap after GC invocations=8 (full 0):
 garbage-first heap   total 310272K, used 51062K [0x0000000705200000, 0x0000000800000000)
  region size 1024K, 19 young (19456K), 19 survivors (19456K)
 Metaspace       used 58340K, capacity 58977K, committed 59136K, reserved 1101824K
  class space    used 6575K, capacity 6838K, committed 6912K, reserved 1048576K
}
Event: 3.797 GC heap before
{Heap before GC invocations=8 (full 0):
 garbage-first heap   total 310272K, used 65398K [0x0000000705200000, 0x0000000800000000)
  region size 1024K, 34 young (34816K), 19 survivors (19456K)
 Metaspace       used 59372K, capacity 60043K, committed 60160K, reserved 1101824K
  class space    used 6705K, capacity 6980K, committed 7040K, reserved 1048576K
}
Event: 3.806 GC heap after
{Heap after GC invocations=9 (full 0):
 garbage-first heap   total 310272K, used 55665K [0x0000000705200000, 0x0000000800000000)
  region size 1024K, 4 young (4096K), 4 survivors (4096K)
 Metaspace       used 59372K, capacity 60043K, committed 60160K, reserved 1101824K
  class space    used 6705K, capacity 6980K, committed 7040K, reserved 1048576K
}

